<?xml version="1.0" encoding="UTF-8"?>
<testsuite name="com.laioffer.twitch.UserServiceTests" tests="5" skipped="0" failures="0" errors="0" timestamp="2023-04-23T23:40:57" hostname="Michaels-MBP-74.lan" time="0.269">
  <properties/>
  <testcase name="whenItemNotExist_setFavoriteItem_shouldSaveItem()" classname="com.laioffer.twitch.UserServiceTests" time="0.259"/>
  <testcase name="whenItemNotExist_unsetFavoriteItem_shouldNotDeleteFavoriteRecord()" classname="com.laioffer.twitch.UserServiceTests" time="0.001"/>
  <testcase name="whenItemExist_setFavoriteItem_shouldNotSaveItem()" classname="com.laioffer.twitch.UserServiceTests" time="0.001"/>
  <testcase name="whenItemExist_unsetFavoriteItem_shouldDeleteFavoriteRecord()" classname="com.laioffer.twitch.UserServiceTests" time="0.001"/>
  <testcase name="setFavoriteItem_shouldCreateFavoriteRecord()" classname="com.laioffer.twitch.UserServiceTests" time="0.003"/>
  <system-out><![CDATA[]]></system-out>
  <system-err><![CDATA[]]></system-err>
</testsuite>
